\BOOKMARK [0][-]{section*.1}{\376\377\000D\000e\000c\000l\000a\000r\000a\000t\000i\000o\000n\000\040\000o\000f\000\040\000A\000u\000t\000h\000o\000r\000s\000h\000i\000p}{}% 1
\BOOKMARK [0][-]{section*.2}{\376\377\000A\000b\000s\000t\000r\000a\000c\000t}{}% 2
\BOOKMARK [0][-]{section*.3}{\376\377\000A\000c\000k\000n\000o\000w\000l\000e\000d\000g\000e\000m\000e\000n\000t\000s}{}% 3
\BOOKMARK [0][-]{chapter.9}{\376\377\000I\000n\000t\000r\000o\000d\000u\000c\000t\000i\000o\000n}{}% 4
\BOOKMARK [1][-]{section.10}{\376\377\000M\000o\000t\000i\000v\000a\000t\000i\000o\000n}{chapter.9}% 5
\BOOKMARK [1][-]{section.11}{\376\377\000E\000x\000i\000s\000t\000i\000n\000g\000\040\000M\000e\000t\000h\000o\000d\000s}{chapter.9}% 6
\BOOKMARK [1][-]{section.12}{\376\377\000O\000u\000t\000l\000i\000n\000e}{chapter.9}% 7
\BOOKMARK [0][-]{chapter.13}{\376\377\000N\000o\000n\000l\000i\000n\000e\000a\000r\000\040\000M\000o\000d\000e\000l\000\040\000R\000e\000d\000u\000c\000t\000i\000o\000n\000\040\000w\000i\000t\000h\000\040\000P\000O\000D\000-\000D\000E\000I\000M}{}% 8
\BOOKMARK [1][-]{section.14}{\376\377\000P\000r\000o\000b\000l\000e\000m\000\040\000F\000o\000r\000m\000u\000l\000a\000t\000i\000o\000n}{chapter.13}% 9
\BOOKMARK [1][-]{section.21}{\376\377\000P\000r\000o\000p\000e\000r\000\040\000O\000r\000t\000h\000o\000g\000o\000n\000a\000l\000\040\000D\000e\000c\000o\000m\000p\000o\000s\000i\000t\000i\000o\000n\000\040\000\050\000P\000O\000D\000\051}{chapter.13}% 10
\BOOKMARK [2][-]{subsection.24}{\376\377\000E\000r\000r\000o\000r\000\040\000B\000o\000u\000n\000d\000\040\000f\000o\000r\000\040\000P\000O\000D}{section.21}% 11
\BOOKMARK [1][-]{section.32}{\376\377\000D\000i\000s\000c\000r\000e\000t\000e\000\040\000E\000m\000p\000i\000r\000i\000c\000a\000l\000\040\000I\000n\000t\000e\000r\000p\000o\000l\000a\000t\000i\000o\000n\000\040\000M\000e\000t\000h\000o\000d\000\040\000\050\000D\000E\000I\000M\000\051}{chapter.13}% 12
\BOOKMARK [2][-]{subsection.40}{\376\377\000E\000r\000r\000o\000r\000\040\000B\000o\000u\000n\000d\000\040\000f\000o\000r\000\040\000D\000E\000I\000M}{section.32}% 13
\BOOKMARK [1][-]{section.51}{\376\377\000O\000v\000e\000r\000v\000i\000e\000w\000\040\000o\000f\000\040\000P\000O\000D\000-\000D\000E\000I\000M\000\040\000a\000p\000p\000r\000o\000a\000c\000h}{chapter.13}% 14
\BOOKMARK [0][-]{chapter.54}{\376\377\000A\000p\000p\000l\000i\000c\000a\000t\000i\000o\000n\000\040\000o\000f\000\040\000t\000h\000e\000\040\000P\000O\000D\000-\000D\000E\000I\000M\000\040\000a\000p\000p\000r\000o\000a\000c\000h\000\040\000t\000o\000\040\000a\000\040\000m\000a\000r\000i\000n\000e\000\040\000e\000c\000o\000s\000y\000s\000t\000e\000m\000\040\000m\000o\000d\000e\000l}{}% 15
\BOOKMARK [1][-]{section.55}{\376\377\000I\000n\000t\000r\000o\000d\000u\000c\000t\000i\000o\000n}{chapter.54}% 16
\BOOKMARK [1][-]{section.56}{\376\377\000R\000e\000d\000u\000c\000e\000\040\000t\000h\000e\000\040\000S\000y\000s\000t\000e\000m}{chapter.54}% 17
\BOOKMARK [2][-]{subsection.60}{\376\377\000R\000e\000d\000u\000c\000t\000i\000o\000n\000\040\000o\000f\000\040\000t\000h\000e\000\040\000n\000o\000n\000l\000i\000n\000e\000a\000r\000\040\000p\000a\000r\000t}{section.56}% 18
\BOOKMARK [1][-]{section.63}{\376\377\000I\000m\000p\000l\000e\000m\000e\000n\000t\000a\000t\000i\000o\000n}{chapter.54}% 19
\BOOKMARK [0][-]{chapter.64}{\376\377\000N\000u\000m\000e\000r\000i\000c\000a\000l\000\040\000E\000x\000a\000m\000p\000l\000e\000s}{}% 20
\BOOKMARK [1][-]{section.65}{\376\377\000E\000x\000p\000e\000r\000i\000m\000e\000n\000t\000s\000\040\000w\000i\000t\000h\000\040\000N\000-\000M\000o\000d\000e\000l}{chapter.64}% 21
\BOOKMARK [2][-]{subsection.71}{\376\377\000A\000p\000p\000r\000o\000x\000i\000m\000a\000t\000i\000o\000n\000\040\000e\000r\000r\000o\000r\000\040\000a\000n\000d\000\040\000C\000P\000U\000\040\000t\000i\000m\000e}{section.65}% 22
\BOOKMARK [2][-]{subsection.75}{\376\377\000B\000e\000h\000a\000v\000i\000o\000r\000\040\000o\000f\000\040\000t\000h\000e\000\040\000R\000e\000d\000u\000c\000e\000d\000-\000O\000r\000d\000e\000r\000\040\000M\000o\000d\000e\000l\000s}{section.65}% 23
\BOOKMARK [1][-]{section.80}{\376\377\000E\000x\000p\000e\000r\000i\000m\000e\000n\000t\000s\000\040\000w\000i\000t\000h\000\040\000N\000-\000D\000O\000P\000-\000M\000o\000d\000e\000l}{chapter.64}% 24
\BOOKMARK [0][-]{chapter.85}{\376\377\000E\000x\000p\000e\000r\000i\000m\000e\000n\000t\000s\000\040\000f\000o\000r\000\040\000P\000a\000r\000a\000m\000e\000t\000e\000r\000i\000z\000e\000d\000\040\000R\000e\000d\000u\000c\000e\000d\000\040\000O\000r\000d\000e\000r\000\040\000M\000o\000d\000e\000l\000s}{}% 25
\BOOKMARK [0][-]{chapter.89}{\376\377\000C\000o\000n\000c\000l\000u\000s\000i\000o\000n\000\040\000a\000n\000d\000\040\000F\000u\000t\000u\000r\000e\000\040\000W\000o\000r\000k}{}% 26
\BOOKMARK [1][-]{section.90}{\376\377\000C\000o\000n\000c\000l\000u\000s\000i\000o\000n}{chapter.89}% 27
\BOOKMARK [1][-]{section.91}{\376\377\000F\000u\000t\000u\000r\000e\000\040\000W\000o\000r\000k}{chapter.89}% 28
\BOOKMARK [0][-]{appendix.95}{\376\377\000A\000p\000p\000e\000n\000d\000i\000x}{}% 29
\BOOKMARK [1][-]{section.96}{\376\377\000C\000r\000e\000a\000t\000i\000n\000g\000\040\000a\000\040\000R\000O\000M\000\040\000f\000r\000o\000m\000\040\000a\000\040\000t\000r\000a\000j\000e\000c\000t\000o\000r\000y\000\040\000o\000f\000\040\000o\000n\000e\000\040\000m\000o\000d\000e\000l\000\040\000y\000e\000a\000r}{appendix.95}% 30
\BOOKMARK [1][-]{section.101}{\376\377\000I\000m\000p\000l\000e\000m\000e\000n\000t\000a\000t\000i\000o\000n\000\040\000I\000s\000s\000u\000e}{appendix.95}% 31
\BOOKMARK [1][-]{section.103}{\376\377\000D\000i\000s\000t\000r\000i\000b\000u\000t\000i\000o\000n\000\040\000o\000f\000\040\000t\000h\000e\000\040\000C\000P\000U\000\040\000t\000i\000m\000e\000\040\000o\000f\000\040\000t\000h\000e\000\040\000m\000a\000i\000n\000\040\000o\000p\000e\000r\000a\000t\000i\000o\000n\000s\000\040\000o\000f\000\040\000t\000h\000e\000\040\000R\000O\000M\000s}{appendix.95}% 32
\BOOKMARK [1][-]{section.106}{\376\377\000L\000a\000t\000i\000n\000\040\000H\000y\000p\000e\000r\000c\000u\000b\000e\000\040\000s\000a\000m\000p\000l\000e\000s}{appendix.95}% 33
\BOOKMARK [1][-]{section.108}{\376\377\000P\000l\000o\000t\000s\000\040\000o\000f\000\040\000p\000a\000r\000a\000m\000e\000t\000r\000i\000z\000e\000d\000\040\000m\000o\000d\000e\000l\000s}{appendix.95}% 34
\BOOKMARK [0][-]{appendix*.111}{\376\377\000B\000i\000b\000l\000i\000o\000g\000r\000a\000p\000h\000y}{}% 35
